TN:
SF:src\repository\mockCatalog.repository.ts
FN:5,create
FN:13,update
FN:17,delete
FN:21,find
FN:25,findOne
FNF:5
FNH:1
FNDA:1,create
FNDA:0,update
FNDA:0,delete
FNDA:0,find
FNDA:0,findOne
DA:1,1
DA:2,1
DA:3,1
DA:4,1
DA:5,1
DA:6,1
DA:7,1
DA:8,1
DA:9,1
DA:10,1
DA:11,1
DA:12,1
DA:13,1
DA:14,0
DA:15,0
DA:16,1
DA:17,1
DA:18,0
DA:19,0
DA:20,1
DA:21,1
DA:22,0
DA:23,0
DA:24,1
DA:25,1
DA:26,0
DA:27,0
DA:28,1
LF:28
LH:20
BRDA:5,0,0,1
BRF:1
BRH:1
end_of_record
TN:
SF:src\services\catalog.service.ts
FN:7,CatalogService
FN:11,createProduct
FN:16,updateProduct
FN:20,getProducts
FN:24,getProduct
FN:28,deleteProduct
FNF:6
FNH:2
FNDA:1,CatalogService
FNDA:1,createProduct
FNDA:0,updateProduct
FNDA:0,getProducts
FNDA:0,getProduct
FNDA:0,deleteProduct
DA:1,1
DA:2,1
DA:3,1
DA:4,1
DA:5,1
DA:6,1
DA:7,1
DA:8,1
DA:9,1
DA:10,1
DA:11,1
DA:12,1
DA:13,1
DA:14,1
DA:15,1
DA:16,1
DA:17,0
DA:18,0
DA:19,1
DA:20,1
DA:21,0
DA:22,0
DA:23,1
DA:24,1
DA:25,0
DA:26,0
DA:27,1
DA:28,1
DA:29,0
DA:30,0
DA:31,1
LF:31
LH:23
BRDA:7,0,0,1
BRDA:11,1,0,1
BRF:2
BRH:2
end_of_record
